<?xml version="1.0" encoding="UTF-8"?>
<coverage generated="1698252022405" clover="3.2.0">
  <project timestamp="1698252022405" name="All files">
    <metrics statements="38" coveredstatements="38" conditionals="17" coveredconditionals="17" methods="6" coveredmethods="6" elements="61" coveredelements="61" complexity="0" loc="38" ncloc="38" packages="2" files="2" classes="2"/>
    <package name="dist.src">
      <metrics statements="19" coveredstatements="19" conditionals="10" coveredconditionals="10" methods="3" coveredmethods="3"/>
      <file name="throttle_fn.js" path="C:\Users\roche\Desktop\PROGRAMACION\1. ITACADEMY\SPRINT_2\Sprint_2-2\dist\src\throttle_fn.js">
        <metrics statements="19" coveredstatements="19" conditionals="10" coveredconditionals="10" methods="3" coveredmethods="3"/>
        <line num="1" count="1" type="stmt"/>
        <line num="2" count="7" type="cond" truecount="2" falsecount="0"/>
        <line num="3" count="1" type="stmt"/>
        <line num="5" count="6" type="cond" truecount="4" falsecount="0"/>
        <line num="6" count="1" type="stmt"/>
        <line num="8" count="5" type="stmt"/>
        <line num="10" count="5" type="stmt"/>
        <line num="11" count="8" type="cond" truecount="2" falsecount="0"/>
        <line num="12" count="5" type="stmt"/>
        <line num="15" count="3" type="stmt"/>
        <line num="16" count="3" type="stmt"/>
        <line num="17" count="3" type="stmt"/>
        <line num="20" count="5" type="stmt"/>
        <line num="21" count="11" type="cond" truecount="2" falsecount="0"/>
        <line num="22" count="5" type="stmt"/>
        <line num="23" count="5" type="stmt"/>
        <line num="25" count="6" type="stmt"/>
        <line num="26" count="6" type="stmt"/>
        <line num="27" count="6" type="stmt"/>
      </file>
    </package>
    <package name="src">
      <metrics statements="19" coveredstatements="19" conditionals="7" coveredconditionals="7" methods="3" coveredmethods="3"/>
      <file name="throttle_fn.ts" path="C:\Users\roche\Desktop\PROGRAMACION\1. ITACADEMY\SPRINT_2\Sprint_2-2\src\throttle_fn.ts">
        <metrics statements="19" coveredstatements="19" conditionals="7" coveredconditionals="7" methods="3" coveredmethods="3"/>
        <line num="1" count="1" type="stmt"/>
        <line num="2" count="7" type="cond" truecount="1" falsecount="0"/>
        <line num="3" count="1" type="stmt"/>
        <line num="6" count="6" type="cond" truecount="3" falsecount="0"/>
        <line num="7" count="1" type="stmt"/>
        <line num="10" count="5" type="stmt"/>
        <line num="12" count="5" type="stmt"/>
        <line num="13" count="8" type="cond" truecount="2" falsecount="0"/>
        <line num="14" count="5" type="stmt"/>
        <line num="16" count="3" type="stmt"/>
        <line num="17" count="3" type="stmt"/>
        <line num="18" count="3" type="stmt"/>
        <line num="21" count="5" type="stmt"/>
        <line num="22" count="11" type="cond" truecount="1" falsecount="0"/>
        <line num="23" count="5" type="stmt"/>
        <line num="24" count="5" type="stmt"/>
        <line num="26" count="6" type="stmt"/>
        <line num="27" count="6" type="stmt"/>
        <line num="28" count="6" type="stmt"/>
      </file>
    </package>
  </project>
</coverage>
