{"C:\\Users\\roche\\Desktop\\PROGRAMACION\\1. ITACADEMY\\SPRINT_2\\Sprint_2-2\\dist\\src\\throttle_fn.js": {"path":"C:\\Users\\roche\\Desktop\\PROGRAMACION\\1. ITACADEMY\\SPRINT_2\\Sprint_2-2\\dist\\src\\throttle_fn.js","statementMap":{"0":{"start":{"line":1,"column":24},"end":{"line":29,"column":1}},"1":{"start":{"line":2,"column":4},"end":{"line":4,"column":5}},"2":{"start":{"line":3,"column":8},"end":{"line":3,"column":69}},"3":{"start":{"line":5,"column":4},"end":{"line":7,"column":5}},"4":{"start":{"line":6,"column":8},"end":{"line":6,"column":50}},"5":{"start":{"line":8,"column":21},"end":{"line":8,"column":26}},"6":{"start":{"line":10,"column":28},"end":{"line":19,"column":5}},"7":{"start":{"line":11,"column":8},"end":{"line":18,"column":9}},"8":{"start":{"line":12,"column":12},"end":{"line":12,"column":31}},"9":{"start":{"line":15,"column":12},"end":{"line":15,"column":31}},"10":{"start":{"line":16,"column":12},"end":{"line":16,"column":31}},"11":{"start":{"line":17,"column":12},"end":{"line":17,"column":47}},"12":{"start":{"line":20,"column":4},"end":{"line":28,"column":6}},"13":{"start":{"line":21,"column":8},"end":{"line":24,"column":9}},"14":{"start":{"line":22,"column":12},"end":{"line":22,"column":31}},"15":{"start":{"line":23,"column":12},"end":{"line":23,"column":19}},"16":{"start":{"line":25,"column":8},"end":{"line":25,"column":20}},"17":{"start":{"line":26,"column":8},"end":{"line":26,"column":26}},"18":{"start":{"line":27,"column":8},"end":{"line":27,"column":43}}},"fnMap":{"0":{"name":"(anonymous_0)","decl":{"start":{"line":1,"column":24},"end":{"line":1,"column":25}},"loc":{"start":{"line":1,"column":39},"end":{"line":29,"column":1}},"line":1},"1":{"name":"(anonymous_1)","decl":{"start":{"line":10,"column":28},"end":{"line":10,"column":29}},"loc":{"start":{"line":10,"column":34},"end":{"line":19,"column":5}},"line":10},"2":{"name":"(anonymous_2)","decl":{"start":{"line":20,"column":11},"end":{"line":20,"column":12}},"loc":{"start":{"line":20,"column":24},"end":{"line":28,"column":5}},"line":20}},"branchMap":{"0":{"loc":{"start":{"line":2,"column":4},"end":{"line":4,"column":5}},"type":"if","locations":[{"start":{"line":2,"column":4},"end":{"line":4,"column":5}},{"start":{},"end":{}}],"line":2},"1":{"loc":{"start":{"line":5,"column":4},"end":{"line":7,"column":5}},"type":"if","locations":[{"start":{"line":5,"column":4},"end":{"line":7,"column":5}},{"start":{},"end":{}}],"line":5},"2":{"loc":{"start":{"line":5,"column":8},"end":{"line":5,"column":49}},"type":"binary-expr","locations":[{"start":{"line":5,"column":8},"end":{"line":5,"column":33}},{"start":{"line":5,"column":37},"end":{"line":5,"column":49}}],"line":5},"3":{"loc":{"start":{"line":11,"column":8},"end":{"line":18,"column":9}},"type":"if","locations":[{"start":{"line":11,"column":8},"end":{"line":18,"column":9}},{"start":{"line":14,"column":13},"end":{"line":18,"column":9}}],"line":11},"4":{"loc":{"start":{"line":21,"column":8},"end":{"line":24,"column":9}},"type":"if","locations":[{"start":{"line":21,"column":8},"end":{"line":24,"column":9}},{"start":{},"end":{}}],"line":21}},"s":{"0":1,"1":7,"2":1,"3":6,"4":1,"5":5,"6":5,"7":8,"8":5,"9":3,"10":3,"11":3,"12":5,"13":11,"14":5,"15":5,"16":6,"17":6,"18":6},"f":{"0":7,"1":8,"2":11},"b":{"0":[1,6],"1":[1,5],"2":[6,5],"3":[5,3],"4":[5,6]},"_coverageSchema":"1a1c01bbd47fc00a2c39e90264f33305004495a9","hash":"1e5b39c52db1de2ff0eaaf6f9c60fd575f665a49"}
,"C:\\Users\\roche\\Desktop\\PROGRAMACION\\1. ITACADEMY\\SPRINT_2\\Sprint_2-2\\src\\throttle_fn.ts": {"path":"C:\\Users\\roche\\Desktop\\PROGRAMACION\\1. ITACADEMY\\SPRINT_2\\Sprint_2-2\\src\\throttle_fn.ts","statementMap":{"0":{"start":{"line":1,"column":24},"end":{"line":30,"column":1}},"1":{"start":{"line":2,"column":2},"end":{"line":4,"column":null}},"2":{"start":{"line":3,"column":4},"end":{"line":3,"column":65}},"3":{"start":{"line":6,"column":2},"end":{"line":8,"column":null}},"4":{"start":{"line":7,"column":4},"end":{"line":7,"column":46}},"5":{"start":{"line":10,"column":19},"end":{"line":10,"column":24}},"6":{"start":{"line":12,"column":26},"end":{"line":20,"column":3}},"7":{"start":{"line":13,"column":4},"end":{"line":19,"column":null}},"8":{"start":{"line":14,"column":6},"end":{"line":14,"column":25}},"9":{"start":{"line":16,"column":6},"end":{"line":16,"column":25}},"10":{"start":{"line":17,"column":6},"end":{"line":17,"column":25}},"11":{"start":{"line":18,"column":6},"end":{"line":18,"column":41}},"12":{"start":{"line":21,"column":2},"end":{"line":29,"column":4}},"13":{"start":{"line":22,"column":4},"end":{"line":25,"column":null}},"14":{"start":{"line":23,"column":6},"end":{"line":23,"column":25}},"15":{"start":{"line":24,"column":6},"end":{"line":24,"column":13}},"16":{"start":{"line":26,"column":4},"end":{"line":26,"column":16}},"17":{"start":{"line":27,"column":4},"end":{"line":27,"column":22}},"18":{"start":{"line":28,"column":4},"end":{"line":28,"column":39}},"19":{"start":{"line":1,"column":13},"end":{"line":1,"column":24}}},"fnMap":{"0":{"name":"(anonymous_0)","decl":{"start":{"line":1,"column":24},"end":{"line":1,"column":25}},"loc":{"start":{"line":1,"column":56},"end":{"line":30,"column":1}}},"1":{"name":"(anonymous_1)","decl":{"start":{"line":12,"column":26},"end":{"line":12,"column":29}},"loc":{"start":{"line":12,"column":31},"end":{"line":20,"column":3}}},"2":{"name":"(anonymous_2)","decl":{"start":{"line":21,"column":9},"end":{"line":21,"column":10}},"loc":{"start":{"line":21,"column":28},"end":{"line":29,"column":3}}}},"branchMap":{"0":{"loc":{"start":{"line":2,"column":2},"end":{"line":4,"column":null}},"type":"if","locations":[{"start":{"line":2,"column":2},"end":{"line":4,"column":null}}]},"1":{"loc":{"start":{"line":6,"column":2},"end":{"line":8,"column":null}},"type":"if","locations":[{"start":{"line":6,"column":2},"end":{"line":8,"column":null}}]},"2":{"loc":{"start":{"line":6,"column":6},"end":{"line":6,"column":47}},"type":"binary-expr","locations":[{"start":{"line":6,"column":6},"end":{"line":6,"column":31}},{"start":{"line":6,"column":35},"end":{"line":6,"column":47}}]},"3":{"loc":{"start":{"line":13,"column":4},"end":{"line":19,"column":null}},"type":"if","locations":[{"start":{"line":13,"column":4},"end":{"line":19,"column":null}},{"start":{"line":15,"column":11},"end":{"line":19,"column":null}}]},"4":{"loc":{"start":{"line":22,"column":4},"end":{"line":25,"column":null}},"type":"if","locations":[{"start":{"line":22,"column":4},"end":{"line":25,"column":null}}]}},"s":{"0":1,"1":7,"2":1,"3":6,"4":1,"5":5,"6":5,"7":8,"8":5,"9":3,"10":3,"11":3,"12":5,"13":11,"14":5,"15":5,"16":6,"17":6,"18":6,"19":1},"f":{"0":7,"1":8,"2":11},"b":{"0":[1],"1":[1],"2":[6,5],"3":[5,3],"4":[5]}}
}
