{"C:\\Users\\roche\\Desktop\\PROGRAMACION\\1. ITACADEMY\\SPRINT_2\\Sprint_2-2\\dist\\src\\throttle_fn.js": {"path":"C:\\Users\\roche\\Desktop\\PROGRAMACION\\1. ITACADEMY\\SPRINT_2\\Sprint_2-2\\dist\\src\\throttle_fn.js","statementMap":{"0":{"start":{"line":1,"column":24},"end":{"line":31,"column":1}},"1":{"start":{"line":2,"column":18},"end":{"line":2,"column":22}},"2":{"start":{"line":3,"column":15},"end":{"line":3,"column":17}},"3":{"start":{"line":4,"column":18},"end":{"line":4,"column":22}},"4":{"start":{"line":5,"column":4},"end":{"line":30,"column":6}},"5":{"start":{"line":6,"column":8},"end":{"line":29,"column":9}},"6":{"start":{"line":7,"column":12},"end":{"line":7,"column":27}},"7":{"start":{"line":8,"column":12},"end":{"line":8,"column":33}},"8":{"start":{"line":9,"column":12},"end":{"line":9,"column":28}},"9":{"start":{"line":10,"column":12},"end":{"line":16,"column":21}},"10":{"start":{"line":11,"column":16},"end":{"line":11,"column":31}},"11":{"start":{"line":12,"column":16},"end":{"line":15,"column":17}},"12":{"start":{"line":13,"column":20},"end":{"line":13,"column":41}},"13":{"start":{"line":14,"column":20},"end":{"line":14,"column":30}},"14":{"start":{"line":19,"column":12},"end":{"line":21,"column":13}},"15":{"start":{"line":20,"column":16},"end":{"line":20,"column":38}},"16":{"start":{"line":22,"column":12},"end":{"line":28,"column":21}},"17":{"start":{"line":23,"column":16},"end":{"line":23,"column":31}},"18":{"start":{"line":24,"column":16},"end":{"line":27,"column":17}},"19":{"start":{"line":25,"column":20},"end":{"line":25,"column":41}},"20":{"start":{"line":26,"column":20},"end":{"line":26,"column":30}}},"fnMap":{"0":{"name":"(anonymous_0)","decl":{"start":{"line":1,"column":24},"end":{"line":1,"column":25}},"loc":{"start":{"line":1,"column":38},"end":{"line":31,"column":1}},"line":1},"1":{"name":"(anonymous_1)","decl":{"start":{"line":5,"column":11},"end":{"line":5,"column":12}},"loc":{"start":{"line":5,"column":33},"end":{"line":30,"column":5}},"line":5},"2":{"name":"(anonymous_2)","decl":{"start":{"line":10,"column":33},"end":{"line":10,"column":34}},"loc":{"start":{"line":10,"column":39},"end":{"line":16,"column":13}},"line":10},"3":{"name":"(anonymous_3)","decl":{"start":{"line":22,"column":33},"end":{"line":22,"column":34}},"loc":{"start":{"line":22,"column":39},"end":{"line":28,"column":13}},"line":22}},"branchMap":{"0":{"loc":{"start":{"line":6,"column":8},"end":{"line":29,"column":9}},"type":"if","locations":[{"start":{"line":6,"column":8},"end":{"line":29,"column":9}},{"start":{"line":18,"column":13},"end":{"line":29,"column":9}}],"line":6},"1":{"loc":{"start":{"line":12,"column":16},"end":{"line":15,"column":17}},"type":"if","locations":[{"start":{"line":12,"column":16},"end":{"line":15,"column":17}},{"start":{},"end":{}}],"line":12},"2":{"loc":{"start":{"line":19,"column":12},"end":{"line":21,"column":13}},"type":"if","locations":[{"start":{"line":19,"column":12},"end":{"line":21,"column":13}},{"start":{},"end":{}}],"line":19},"3":{"loc":{"start":{"line":24,"column":16},"end":{"line":27,"column":17}},"type":"if","locations":[{"start":{"line":24,"column":16},"end":{"line":27,"column":17}},{"start":{},"end":{}}],"line":24}},"s":{"0":1,"1":5,"2":5,"3":5,"4":5,"5":13,"6":6,"7":6,"8":6,"9":6,"10":2,"11":2,"12":0,"13":0,"14":7,"15":7,"16":7,"17":4,"18":4,"19":0,"20":0},"f":{"0":5,"1":13,"2":2,"3":4},"b":{"0":[6,7],"1":[0,2],"2":[7,0],"3":[0,4]},"_coverageSchema":"1a1c01bbd47fc00a2c39e90264f33305004495a9","hash":"a8585b93b3a98c4360e44da158a39c5898c77147"}
,"C:\\Users\\roche\\Desktop\\PROGRAMACION\\1. ITACADEMY\\SPRINT_2\\Sprint_2-2\\src\\throttle_fn.ts": {"path":"C:\\Users\\roche\\Desktop\\PROGRAMACION\\1. ITACADEMY\\SPRINT_2\\Sprint_2-2\\src\\throttle_fn.ts","statementMap":{"0":{"start":{"line":1,"column":24},"end":{"line":31,"column":1}},"1":{"start":{"line":2,"column":25},"end":{"line":2,"column":29}},"2":{"start":{"line":3,"column":20},"end":{"line":3,"column":22}},"3":{"start":{"line":4,"column":39},"end":{"line":4,"column":43}},"4":{"start":{"line":6,"column":2},"end":{"line":30,"column":4}},"5":{"start":{"line":7,"column":4},"end":{"line":29,"column":null}},"6":{"start":{"line":8,"column":6},"end":{"line":8,"column":21}},"7":{"start":{"line":9,"column":6},"end":{"line":9,"column":27}},"8":{"start":{"line":10,"column":6},"end":{"line":10,"column":22}},"9":{"start":{"line":11,"column":6},"end":{"line":17,"column":15}},"10":{"start":{"line":12,"column":8},"end":{"line":12,"column":23}},"11":{"start":{"line":13,"column":8},"end":{"line":16,"column":null}},"12":{"start":{"line":14,"column":10},"end":{"line":14,"column":31}},"13":{"start":{"line":15,"column":10},"end":{"line":15,"column":20}},"14":{"start":{"line":19,"column":6},"end":{"line":21,"column":null}},"15":{"start":{"line":20,"column":8},"end":{"line":20,"column":30}},"16":{"start":{"line":22,"column":6},"end":{"line":28,"column":15}},"17":{"start":{"line":23,"column":8},"end":{"line":23,"column":23}},"18":{"start":{"line":24,"column":8},"end":{"line":27,"column":null}},"19":{"start":{"line":25,"column":10},"end":{"line":25,"column":31}},"20":{"start":{"line":26,"column":10},"end":{"line":26,"column":20}},"21":{"start":{"line":1,"column":13},"end":{"line":1,"column":24}}},"fnMap":{"0":{"name":"(anonymous_0)","decl":{"start":{"line":1,"column":24},"end":{"line":1,"column":25}},"loc":{"start":{"line":1,"column":55},"end":{"line":31,"column":1}}},"1":{"name":"(anonymous_1)","decl":{"start":{"line":6,"column":9},"end":{"line":6,"column":19}},"loc":{"start":{"line":6,"column":36},"end":{"line":30,"column":3}}},"2":{"name":"(anonymous_2)","decl":{"start":{"line":11,"column":27},"end":{"line":11,"column":30}},"loc":{"start":{"line":11,"column":32},"end":{"line":17,"column":7}}},"3":{"name":"(anonymous_3)","decl":{"start":{"line":22,"column":27},"end":{"line":22,"column":30}},"loc":{"start":{"line":22,"column":32},"end":{"line":28,"column":7}}}},"branchMap":{"0":{"loc":{"start":{"line":7,"column":4},"end":{"line":29,"column":null}},"type":"if","locations":[{"start":{"line":7,"column":4},"end":{"line":29,"column":null}},{"start":{"line":18,"column":11},"end":{"line":29,"column":null}}]},"1":{"loc":{"start":{"line":13,"column":8},"end":{"line":16,"column":null}},"type":"if","locations":[{"start":{"line":13,"column":8},"end":{"line":16,"column":null}}]},"2":{"loc":{"start":{"line":19,"column":6},"end":{"line":21,"column":null}},"type":"if","locations":[{"start":{"line":19,"column":6},"end":{"line":21,"column":null}}]},"3":{"loc":{"start":{"line":24,"column":8},"end":{"line":27,"column":null}},"type":"if","locations":[{"start":{"line":24,"column":8},"end":{"line":27,"column":null}}]}},"s":{"0":1,"1":5,"2":5,"3":5,"4":5,"5":13,"6":6,"7":6,"8":6,"9":6,"10":2,"11":2,"12":0,"13":0,"14":7,"15":7,"16":7,"17":4,"18":4,"19":0,"20":0,"21":1},"f":{"0":5,"1":13,"2":2,"3":4},"b":{"0":[6,7],"1":[0],"2":[7],"3":[0]}}
}
