TN:
SF:dist\src\throttle_fn.js
FN:1,(anonymous_0)
FN:13,(anonymous_1)
FN:27,(anonymous_2)
FN:29,(anonymous_3)
FNF:4
FNH:4
FNDA:7,(anonymous_0)
FNDA:8,(anonymous_1)
FNDA:11,(anonymous_2)
FNDA:11,(anonymous_3)
DA:1,1
DA:2,7
DA:4,7
DA:6,7
DA:7,1
DA:10,6
DA:11,1
DA:13,5
DA:15,8
DA:16,5
DA:17,5
DA:21,3
DA:22,3
DA:23,3
DA:24,3
DA:27,5
DA:29,11
DA:30,11
DA:32,11
DA:33,5
DA:34,5
DA:37,6
DA:38,6
DA:39,6
LF:24
LH:24
BRDA:6,0,0,1
BRDA:6,0,1,6
BRDA:10,1,0,1
BRDA:10,1,1,5
BRDA:15,2,0,5
BRDA:15,2,1,3
BRDA:32,3,0,5
BRDA:32,3,1,6
BRF:8
BRH:8
end_of_record
TN:
SF:src\throttle_fn.ts
FN:1,(anonymous_0)
FN:16,(anonymous_1)
FN:30,(anonymous_2)
FN:32,(anonymous_3)
FNF:4
FNH:4
FNDA:7,(anonymous_0)
FNDA:8,(anonymous_1)
FNDA:11,(anonymous_2)
FNDA:11,(anonymous_3)
DA:1,1
DA:2,7
DA:4,7
DA:7,7
DA:8,1
DA:12,6
DA:13,1
DA:16,5
DA:18,8
DA:19,5
DA:20,5
DA:23,3
DA:24,3
DA:25,3
DA:26,3
DA:30,5
DA:32,11
DA:33,11
DA:35,11
DA:36,5
DA:37,5
DA:40,6
DA:41,6
DA:42,6
LF:24
LH:24
BRDA:7,0,0,1
BRDA:12,1,0,1
BRDA:18,2,0,5
BRDA:18,2,1,3
BRDA:35,3,0,5
BRF:5
BRH:5
end_of_record
