TN:
SF:dist\src\throttle_fn.js
FN:1,(anonymous_0)
FN:4,(anonymous_1)
FN:9,(anonymous_2)
FNF:3
FNH:3
FNDA:3,(anonymous_0)
FNDA:6,(anonymous_1)
FNDA:2,(anonymous_2)
DA:1,1
DA:2,3
DA:4,3
DA:5,6
DA:6,4
DA:7,4
DA:8,4
DA:9,4
DA:10,2
DA:11,2
DA:12,2
DA:13,2
LF:12
LH:12
BRDA:5,0,0,4
BRDA:5,0,1,2
BRDA:11,1,0,2
BRDA:11,1,1,0
BRF:4
BRH:3
end_of_record
TN:
SF:src\throttle_fn.ts
FN:1,(anonymous_0)
FN:5,(anonymous_1)
FN:10,(anonymous_2)
FNF:3
FNH:3
FNDA:3,(anonymous_0)
FNDA:6,(anonymous_1)
FNDA:2,(anonymous_2)
DA:1,1
DA:2,3
DA:5,3
DA:6,6
DA:7,4
DA:8,4
DA:9,4
DA:10,4
DA:11,2
DA:12,2
DA:13,2
DA:14,2
LF:12
LH:12
BRDA:6,0,0,4
BRDA:12,1,0,2
BRF:2
BRH:2
end_of_record
