{"C:\\Users\\roche\\Desktop\\PROGRAMACION\\1. ITACADEMY\\SPRINT_2\\Sprint_2-1\\dist\\src\\debounce_fn.js": {"path":"C:\\Users\\roche\\Desktop\\PROGRAMACION\\1. ITACADEMY\\SPRINT_2\\Sprint_2-1\\dist\\src\\debounce_fn.js","statementMap":{"0":{"start":{"line":2,"column":24},"end":{"line":20,"column":1}},"1":{"start":{"line":5,"column":20},"end":{"line":5,"column":24}},"2":{"start":{"line":6,"column":4},"end":{"line":19,"column":6}},"3":{"start":{"line":8,"column":8},"end":{"line":10,"column":9}},"4":{"start":{"line":9,"column":12},"end":{"line":9,"column":36}},"5":{"start":{"line":12,"column":8},"end":{"line":14,"column":9}},"6":{"start":{"line":13,"column":12},"end":{"line":13,"column":24}},"7":{"start":{"line":16,"column":8},"end":{"line":18,"column":18}},"8":{"start":{"line":17,"column":12},"end":{"line":17,"column":24}}},"fnMap":{"0":{"name":"(anonymous_0)","decl":{"start":{"line":2,"column":24},"end":{"line":2,"column":25}},"loc":{"start":{"line":4,"column":5},"end":{"line":20,"column":1}},"line":4},"1":{"name":"(anonymous_1)","decl":{"start":{"line":6,"column":11},"end":{"line":6,"column":12}},"loc":{"start":{"line":6,"column":24},"end":{"line":19,"column":5}},"line":6},"2":{"name":"(anonymous_2)","decl":{"start":{"line":16,"column":31},"end":{"line":16,"column":32}},"loc":{"start":{"line":16,"column":37},"end":{"line":18,"column":9}},"line":16}},"branchMap":{"0":{"loc":{"start":{"line":2,"column":36},"end":{"line":2,"column":53}},"type":"default-arg","locations":[{"start":{"line":2,"column":48},"end":{"line":2,"column":53}}],"line":2},"1":{"loc":{"start":{"line":8,"column":8},"end":{"line":10,"column":9}},"type":"if","locations":[{"start":{"line":8,"column":8},"end":{"line":10,"column":9}},{"start":{},"end":{}}],"line":8},"2":{"loc":{"start":{"line":12,"column":8},"end":{"line":14,"column":9}},"type":"if","locations":[{"start":{"line":12,"column":8},"end":{"line":14,"column":9}},{"start":{},"end":{}}],"line":12}},"s":{"0":1,"1":9,"2":9,"3":12,"4":3,"5":12,"6":1,"7":12,"8":9},"f":{"0":9,"1":12,"2":9},"b":{"0":[8],"1":[3,9],"2":[1,11]},"_coverageSchema":"1a1c01bbd47fc00a2c39e90264f33305004495a9","hash":"b6f8c346b0ed5f26447fa64d7bafe9d00dbffab9"}
,"C:\\Users\\roche\\Desktop\\PROGRAMACION\\1. ITACADEMY\\SPRINT_2\\Sprint_2-1\\src\\debounce_fn.ts": {"path":"C:\\Users\\roche\\Desktop\\PROGRAMACION\\1. ITACADEMY\\SPRINT_2\\Sprint_2-1\\src\\debounce_fn.ts","statementMap":{"0":{"start":{"line":4,"column":24},"end":{"line":28,"column":1}},"1":{"start":{"line":10,"column":41},"end":{"line":10,"column":45}},"2":{"start":{"line":12,"column":2},"end":{"line":27,"column":4}},"3":{"start":{"line":14,"column":4},"end":{"line":16,"column":null}},"4":{"start":{"line":15,"column":6},"end":{"line":15,"column":30}},"5":{"start":{"line":19,"column":4},"end":{"line":21,"column":null}},"6":{"start":{"line":20,"column":6},"end":{"line":20,"column":18}},"7":{"start":{"line":24,"column":4},"end":{"line":26,"column":14}},"8":{"start":{"line":25,"column":6},"end":{"line":25,"column":18}},"9":{"start":{"line":4,"column":13},"end":{"line":4,"column":24}}},"fnMap":{"0":{"name":"(anonymous_0)","decl":{"start":{"line":4,"column":24},"end":{"line":4,"column":null}},"loc":{"start":{"line":9,"column":4},"end":{"line":28,"column":1}}},"1":{"name":"(anonymous_1)","decl":{"start":{"line":12,"column":9},"end":{"line":12,"column":10}},"loc":{"start":{"line":12,"column":28},"end":{"line":27,"column":3}}},"2":{"name":"(anonymous_2)","decl":{"start":{"line":24,"column":27},"end":{"line":24,"column":30}},"loc":{"start":{"line":24,"column":32},"end":{"line":26,"column":5}}}},"branchMap":{"0":{"loc":{"start":{"line":7,"column":2},"end":{"line":7,"column":28}},"type":"default-arg","locations":[{"start":{"line":7,"column":23},"end":{"line":7,"column":28}}]},"1":{"loc":{"start":{"line":14,"column":4},"end":{"line":16,"column":null}},"type":"if","locations":[{"start":{"line":14,"column":4},"end":{"line":16,"column":null}}]},"2":{"loc":{"start":{"line":19,"column":4},"end":{"line":21,"column":null}},"type":"if","locations":[{"start":{"line":19,"column":4},"end":{"line":21,"column":null}}]}},"s":{"0":1,"1":9,"2":9,"3":12,"4":3,"5":12,"6":1,"7":12,"8":9,"9":1},"f":{"0":9,"1":12,"2":9},"b":{"0":[8],"1":[3],"2":[1]}}
}
