TN:
SF:dist\src\debounce_fn.js
FN:2,(anonymous_0)
FN:6,(anonymous_1)
FN:16,(anonymous_2)
FNF:3
FNH:3
FNDA:9,(anonymous_0)
FNDA:12,(anonymous_1)
FNDA:9,(anonymous_2)
DA:2,1
DA:5,9
DA:6,9
DA:8,12
DA:9,3
DA:12,12
DA:13,1
DA:16,12
DA:17,9
LF:9
LH:9
BRDA:2,0,0,8
BRDA:8,1,0,3
BRDA:8,1,1,9
BRDA:12,2,0,1
BRDA:12,2,1,11
BRF:5
BRH:5
end_of_record
TN:
SF:src\debounce_fn.ts
FN:4,(anonymous_0)
FN:12,(anonymous_1)
FN:24,(anonymous_2)
FNF:3
FNH:3
FNDA:9,(anonymous_0)
FNDA:12,(anonymous_1)
FNDA:9,(anonymous_2)
DA:4,1
DA:10,9
DA:12,9
DA:14,12
DA:15,3
DA:19,12
DA:20,1
DA:24,12
DA:25,9
LF:9
LH:9
BRDA:7,0,0,8
BRDA:14,1,0,3
BRDA:19,2,0,1
BRF:3
BRH:3
end_of_record
