TN:
SF:dist\src\debounce_fn.js
FN:1,(anonymous_0)
FN:5,(anonymous_1)
FN:12,(anonymous_2)
FNF:3
FNH:3
FNDA:9,(anonymous_0)
FNDA:12,(anonymous_1)
FNDA:9,(anonymous_2)
DA:1,1
DA:4,9
DA:5,9
DA:6,12
DA:7,3
DA:9,12
DA:10,1
DA:12,12
DA:13,9
LF:9
LH:9
BRDA:1,0,0,8
BRDA:6,1,0,3
BRDA:6,1,1,9
BRDA:9,2,0,1
BRDA:9,2,1,11
BRF:5
BRH:5
end_of_record
TN:
SF:src\debounce_fn.ts
FN:1,(anonymous_0)
FN:9,(anonymous_1)
FN:18,(anonymous_2)
FNF:3
FNH:3
FNDA:9,(anonymous_0)
FNDA:12,(anonymous_1)
FNDA:9,(anonymous_2)
DA:1,1
DA:7,9
DA:9,9
DA:10,12
DA:11,3
DA:14,12
DA:15,1
DA:18,12
DA:19,9
LF:9
LH:9
BRDA:4,0,0,8
BRDA:10,1,0,3
BRDA:14,2,0,1
BRF:3
BRH:3
end_of_record
