<?xml version="1.0" encoding="UTF-8"?>
<coverage generated="1698137335631" clover="3.2.0">
  <project timestamp="1698137335631" name="All files">
    <metrics statements="18" coveredstatements="18" conditionals="4" coveredconditionals="4" methods="4" coveredmethods="4" elements="26" coveredelements="26" complexity="0" loc="18" ncloc="18" packages="2" files="2" classes="2"/>
    <package name="dist.src">
      <metrics statements="9" coveredstatements="9" conditionals="2" coveredconditionals="2" methods="2" coveredmethods="2"/>
      <file name="memoize-fn.js" path="C:\Users\roche\Desktop\PROGRAMACION\1. ITACADEMY\SPRINT_2\Sprint_2-3\dist\src\memoize-fn.js">
        <metrics statements="9" coveredstatements="9" conditionals="2" coveredconditionals="2" methods="2" coveredmethods="2"/>
        <line num="1" count="1" type="stmt"/>
        <line num="2" count="2" type="stmt"/>
        <line num="3" count="2" type="stmt"/>
        <line num="4" count="8" type="stmt"/>
        <line num="5" count="8" type="cond" truecount="2" falsecount="0"/>
        <line num="6" count="4" type="stmt"/>
        <line num="9" count="4" type="stmt"/>
        <line num="10" count="4" type="stmt"/>
        <line num="11" count="4" type="stmt"/>
      </file>
    </package>
    <package name="src">
      <metrics statements="9" coveredstatements="9" conditionals="2" coveredconditionals="2" methods="2" coveredmethods="2"/>
      <file name="memoize-fn.ts" path="C:\Users\roche\Desktop\PROGRAMACION\1. ITACADEMY\SPRINT_2\Sprint_2-3\src\memoize-fn.ts">
        <metrics statements="9" coveredstatements="9" conditionals="2" coveredconditionals="2" methods="2" coveredmethods="2"/>
        <line num="1" count="1" type="stmt"/>
        <line num="2" count="2" type="stmt"/>
        <line num="4" count="2" type="stmt"/>
        <line num="5" count="8" type="stmt"/>
        <line num="6" count="8" type="cond" truecount="2" falsecount="0"/>
        <line num="7" count="4" type="stmt"/>
        <line num="9" count="4" type="stmt"/>
        <line num="10" count="4" type="stmt"/>
        <line num="11" count="4" type="stmt"/>
      </file>
    </package>
  </project>
</coverage>
