{"C:\\Users\\roche\\Desktop\\PROGRAMACION\\1. ITACADEMY\\SPRINT_2\\Sprint_2-3\\dist\\src\\memoize-fn.js": {"path":"C:\\Users\\roche\\Desktop\\PROGRAMACION\\1. ITACADEMY\\SPRINT_2\\Sprint_2-3\\dist\\src\\memoize-fn.js","statementMap":{"0":{"start":{"line":1,"column":23},"end":{"line":14,"column":1}},"1":{"start":{"line":2,"column":18},"end":{"line":2,"column":27}},"2":{"start":{"line":3,"column":4},"end":{"line":13,"column":6}},"3":{"start":{"line":4,"column":20},"end":{"line":4,"column":40}},"4":{"start":{"line":5,"column":8},"end":{"line":12,"column":9}},"5":{"start":{"line":6,"column":12},"end":{"line":6,"column":34}},"6":{"start":{"line":9,"column":27},"end":{"line":9,"column":38}},"7":{"start":{"line":10,"column":12},"end":{"line":10,"column":35}},"8":{"start":{"line":11,"column":12},"end":{"line":11,"column":26}}},"fnMap":{"0":{"name":"(anonymous_0)","decl":{"start":{"line":1,"column":23},"end":{"line":1,"column":24}},"loc":{"start":{"line":1,"column":31},"end":{"line":14,"column":1}},"line":1},"1":{"name":"(anonymous_1)","decl":{"start":{"line":3,"column":11},"end":{"line":3,"column":12}},"loc":{"start":{"line":3,"column":24},"end":{"line":13,"column":5}},"line":3}},"branchMap":{"0":{"loc":{"start":{"line":5,"column":8},"end":{"line":12,"column":9}},"type":"if","locations":[{"start":{"line":5,"column":8},"end":{"line":12,"column":9}},{"start":{"line":8,"column":13},"end":{"line":12,"column":9}}],"line":5}},"s":{"0":1,"1":2,"2":2,"3":8,"4":8,"5":4,"6":4,"7":4,"8":4},"f":{"0":2,"1":8},"b":{"0":[4,4]},"_coverageSchema":"1a1c01bbd47fc00a2c39e90264f33305004495a9","hash":"30847bc4b299bbaedf173a2d6152ab55da9d2645"}
,"C:\\Users\\roche\\Desktop\\PROGRAMACION\\1. ITACADEMY\\SPRINT_2\\Sprint_2-3\\src\\memoize-fn.ts": {"path":"C:\\Users\\roche\\Desktop\\PROGRAMACION\\1. ITACADEMY\\SPRINT_2\\Sprint_2-3\\src\\memoize-fn.ts","statementMap":{"0":{"start":{"line":1,"column":23},"end":{"line":14,"column":1}},"1":{"start":{"line":2,"column":16},"end":{"line":2,"column":38}},"2":{"start":{"line":4,"column":2},"end":{"line":13,"column":4}},"3":{"start":{"line":5,"column":16},"end":{"line":5,"column":36}},"4":{"start":{"line":6,"column":4},"end":{"line":12,"column":null}},"5":{"start":{"line":7,"column":6},"end":{"line":7,"column":28}},"6":{"start":{"line":9,"column":21},"end":{"line":9,"column":32}},"7":{"start":{"line":10,"column":6},"end":{"line":10,"column":29}},"8":{"start":{"line":11,"column":6},"end":{"line":11,"column":20}},"9":{"start":{"line":1,"column":13},"end":{"line":1,"column":23}}},"fnMap":{"0":{"name":"(anonymous_0)","decl":{"start":{"line":1,"column":23},"end":{"line":1,"column":24}},"loc":{"start":{"line":1,"column":40},"end":{"line":14,"column":1}}},"1":{"name":"(anonymous_1)","decl":{"start":{"line":4,"column":9},"end":{"line":4,"column":10}},"loc":{"start":{"line":4,"column":28},"end":{"line":13,"column":3}}}},"branchMap":{"0":{"loc":{"start":{"line":6,"column":4},"end":{"line":12,"column":null}},"type":"if","locations":[{"start":{"line":6,"column":4},"end":{"line":12,"column":null}},{"start":{"line":8,"column":11},"end":{"line":12,"column":null}}]}},"s":{"0":1,"1":2,"2":2,"3":8,"4":8,"5":4,"6":4,"7":4,"8":4,"9":1},"f":{"0":2,"1":8},"b":{"0":[4,4]}}
}
