TN:
SF:dist\src\memoize-fn.js
FN:1,(anonymous_0)
FN:3,(anonymous_1)
FNF:2
FNH:2
FNDA:5,(anonymous_0)
FNDA:16,(anonymous_1)
DA:1,1
DA:2,5
DA:3,5
DA:5,16
DA:6,16
DA:7,7
DA:10,9
DA:11,8
DA:12,8
DA:16,5
DA:17,5
LF:11
LH:11
BRDA:6,0,0,7
BRDA:6,0,1,9
BRF:2
BRH:2
end_of_record
TN:
SF:src\memoize-fn.ts
FN:1,(anonymous_0)
FN:3,(anonymous_1)
FNF:2
FNH:2
FNDA:5,(anonymous_0)
FNDA:16,(anonymous_1)
DA:1,1
DA:2,5
DA:3,5
DA:5,16
DA:6,16
DA:7,7
DA:9,9
DA:10,8
DA:11,8
DA:16,5
DA:18,5
LF:11
LH:11
BRDA:6,0,0,7
BRDA:6,0,1,9
BRF:2
BRH:2
end_of_record
